<?xml version="1.0" encoding="UTF-8"?>
<!-- Generated by org.testng.reporters.JUnitReportReporter -->
<testsuite skipped="0" hostname="macbookpros-MacBook-Pro.local" name="webTests.SignUp_NegativeTests" tests="3" failures="0" timestamp="02 Nov 2019 19:53:48 GMT" time="19.627" errors="0">
  <testcase name="signUpWithBlankFields" time="6.947" classname="webTests.SignUp_NegativeTests"/>
  <testcase name="signUpWithInvalidEmail" time="7.072" classname="webTests.SignUp_NegativeTests"/>
  <testcase name="signUpWithInvalidPassword" time="5.608" classname="webTests.SignUp_NegativeTests"/>
</testsuite> <!-- webTests.SignUp_NegativeTests -->
