<?xml version="1.0" encoding="UTF-8"?>
<!-- Generated by org.testng.reporters.JUnitReportReporter -->
<testsuite skipped="0" hostname="Angelas-MacBook-Pro.local" name="webTests.FilterMoreResultsByStatus" tests="3" failures="0" timestamp="05 Jun 2019 15:28:53 GMT" time="194.470" errors="0">
  <testcase name="filterResultsByPendingStatus" time="55.745" classname="webTests.FilterMoreResultsByStatus"/>
  <testcase name="filterResultsBySoldStatus" time="55.008" classname="webTests.FilterMoreResultsByStatus"/>
  <testcase name="filterResultsByForSaleStatus" time="83.717" classname="webTests.FilterMoreResultsByStatus"/>
</testsuite> <!-- webTests.FilterMoreResultsByStatus -->
