<?xml version="1.0" encoding="UTF-8"?>
<!-- Generated by org.testng.reporters.JUnitReportReporter -->
<testsuite skipped="0" hostname="Angelas-MacBook-Pro.local" name="webTests.LoginWithBlankFields_NegativeTests" tests="1" failures="0" timestamp="10 Apr 2018 16:25:05 GMT" time="10.413" errors="0">
  <testcase name="loginBlankFields" time="10.413" classname="webTests.LoginWithBlankFields_NegativeTests"/>
</testsuite> <!-- webTests.LoginWithBlankFields_NegativeTests -->
