<?xml version="1.0" encoding="UTF-8"?>
<!-- Generated by org.testng.reporters.JUnitReportReporter -->
<testsuite skipped="0" hostname="Angelas-MacBook-Pro.local" name="mobileTests.MFilterByPendingSoldForSaleStatus" tests="3" failures="0" timestamp="07 Jun 2019 02:54:00 GMT" time="134.116" errors="0">
  <testcase name="mFilterSold" time="44.867" classname="mobileTests.MFilterByPendingSoldForSaleStatus"/>
  <testcase name="mFilterForSale" time="45.017" classname="mobileTests.MFilterByPendingSoldForSaleStatus"/>
  <testcase name="mFilterPending" time="44.232" classname="mobileTests.MFilterByPendingSoldForSaleStatus"/>
</testsuite> <!-- mobileTests.MFilterByPendingSoldForSaleStatus -->
