<?xml version="1.0" encoding="UTF-8"?>
<!-- Generated by org.testng.reporters.JUnitReportReporter -->
<testsuite skipped="0" hostname="Angelas-MacBook-Pro.local" name="mobileTests.MFilterBySqFt" tests="1" failures="0" timestamp="07 Jun 2019 02:53:55 GMT" time="50.019" errors="0">
  <testcase name="mFilterSqFt" time="50.019" classname="mobileTests.MFilterBySqFt"/>
</testsuite> <!-- mobileTests.MFilterBySqFt -->
