<?xml version="1.0" encoding="UTF-8"?>
<!-- Generated by org.testng.reporters.JUnitReportReporter -->
<testsuite skipped="0" hostname="macbookpros-MacBook-Pro.local" name="webTests.FilterMoreResultsBySquareFeet" tests="1" failures="0" timestamp="04 Nov 2019 02:12:28 GMT" time="24.782" errors="0">
  <testcase name="filterResultsBySqFeet" time="24.782" classname="webTests.FilterMoreResultsBySquareFeet"/>
</testsuite> <!-- webTests.FilterMoreResultsBySquareFeet -->
