<?xml version="1.0" encoding="UTF-8"?>
<!-- Generated by org.testng.reporters.JUnitReportReporter -->
<testsuite skipped="0" hostname="Angelas-MacBook-Pro.local" name="webTests.SignUp_NewUser" tests="1" failures="0" timestamp="06 Jun 2019 17:46:56 GMT" time="89.177" errors="0">
  <testcase name="signUp_NewUser" time="89.177" classname="webTests.SignUp_NewUser"/>
</testsuite> <!-- webTests.SignUp_NewUser -->
