<?xml version="1.0" encoding="UTF-8"?>
<!-- Generated by org.testng.reporters.JUnitReportReporter -->
<testsuite skipped="0" hostname="Angelas-MacBook-Pro.local" name="webTests.SignUpWithInvalidPassword_NegativeTests" tests="1" failures="0" timestamp="06 Apr 2018 21:14:44 GMT" time="11.956" errors="0">
  <testcase name="signUpWithInvalidPassword" time="11.956" classname="webTests.SignUpWithInvalidPassword_NegativeTests"/>
</testsuite> <!-- webTests.SignUpWithInvalidPassword_NegativeTests -->
