<?xml version="1.0" encoding="UTF-8"?>
<!-- Generated by org.testng.reporters.JUnitReportReporter -->
<testsuite skipped="0" hostname="Angelas-MacBook-Pro.local" name="mobileTests.MFilterByPropertyType" tests="3" failures="0" timestamp="07 Jun 2019 02:53:30 GMT" time="185.606" errors="0">
  <testcase name="mFilterTownHome" time="61.160" classname="mobileTests.MFilterByPropertyType"/>
  <testcase name="mFilterCondo" time="63.112" classname="mobileTests.MFilterByPropertyType"/>
  <testcase name="mFilterSingleFamily" time="61.334" classname="mobileTests.MFilterByPropertyType"/>
</testsuite> <!-- mobileTests.MFilterByPropertyType -->
