<?xml version="1.0" encoding="UTF-8"?>
<!-- Generated by org.testng.reporters.JUnitReportReporter -->
<testsuite skipped="0" hostname="Angelas-MacBook-Pro.local" name="webTests.SignUpWithInvalidEmail_NegativeTests" tests="1" failures="0" timestamp="06 Apr 2018 19:29:29 GMT" time="17.212" errors="0">
  <testcase name="signUpWithInvalidEmail" time="17.212" classname="webTests.SignUpWithInvalidEmail_NegativeTests"/>
</testsuite> <!-- webTests.SignUpWithInvalidEmail_NegativeTests -->
