<?xml version="1.0" encoding="UTF-8"?>
<!-- Generated by org.testng.reporters.JUnitReportReporter -->
<testsuite skipped="0" hostname="Angelas-MacBook-Pro.local" name="mobileTests.MBasicSearch" tests="1" failures="0" timestamp="23 Apr 2018 02:19:31 GMT" time="56.690" errors="0">
  <testcase name="mobileBasicSearch" time="56.690" classname="mobileTests.MBasicSearch"/>
</testsuite> <!-- mobileTests.MBasicSearch -->
