<?xml version="1.0" encoding="UTF-8"?>
<!-- Generated by org.testng.reporters.JUnitReportReporter -->
<testsuite skipped="0" hostname="macbookpros-MacBook-Pro.local" name="webTests.SearchforSpecificProperty" tests="1" failures="0" timestamp="04 Nov 2019 02:12:33 GMT" time="8.769" errors="0">
  <testcase name="searchSpecificProperty" time="8.769" classname="webTests.SearchforSpecificProperty"/>
</testsuite> <!-- webTests.SearchforSpecificProperty -->
