<?xml version="1.0" encoding="UTF-8"?>
<!-- Generated by org.testng.reporters.JUnitReportReporter -->
<testsuite skipped="0" hostname="macbookpros-MacBook-Pro.local" name="webTests.SortResultsByPriceBedBath" tests="4" failures="0" timestamp="04 Nov 2019 01:38:32 GMT" time="98.977" errors="0">
  <testcase name="sortResultsByBeds" time="22.919" classname="webTests.SortResultsByPriceBedBath"/>
  <testcase name="sortResultsByBaths" time="24.243" classname="webTests.SortResultsByPriceBedBath"/>
  <testcase name="sortResultsByMostRecent" time="26.887" classname="webTests.SortResultsByPriceBedBath"/>
  <testcase name="sortResultsByPrice" time="24.928" classname="webTests.SortResultsByPriceBedBath"/>
</testsuite> <!-- webTests.SortResultsByPriceBedBath -->
