<?xml version="1.0" encoding="UTF-8"?>
<!-- Generated by org.testng.reporters.JUnitReportReporter -->
<testsuite skipped="0" hostname="Angelas-MacBook-Pro.local" name="webTests.FilterMoreResultsByResidentialOptions" tests="2" failures="0" timestamp="06 Jun 2019 17:46:36 GMT" time="99.816" errors="0">
  <testcase name="filterBySingleFamily" time="50.275" classname="webTests.FilterMoreResultsByResidentialOptions"/>
  <testcase name="filterByCondo" time="49.541" classname="webTests.FilterMoreResultsByResidentialOptions"/>
</testsuite> <!-- webTests.FilterMoreResultsByResidentialOptions -->
