<?xml version="1.0" encoding="UTF-8"?>
<!-- Generated by org.testng.reporters.JUnitReportReporter -->
<testsuite skipped="0" hostname="macbookpros-MacBook-Pro.local" name="webTests.FilterMoreResultsByYear" tests="1" failures="0" timestamp="04 Nov 2019 02:12:38 GMT" time="23.424" errors="0">
  <testcase name="filterResultsByYear" time="23.424" classname="webTests.FilterMoreResultsByYear"/>
</testsuite> <!-- webTests.FilterMoreResultsByYear -->
