<?xml version="1.0" encoding="UTF-8"?>
<!-- Generated by org.testng.reporters.JUnitReportReporter -->
<testsuite skipped="0" hostname="macbookpros-MacBook-Pro.local" name="webTests.FilterMoreResultsByKeyword" tests="1" failures="0" timestamp="04 Nov 2019 02:12:23 GMT" time="21.380" errors="0">
  <testcase name="filterResultsByKeyword" time="21.380" classname="webTests.FilterMoreResultsByKeyword"/>
</testsuite> <!-- webTests.FilterMoreResultsByKeyword -->
