<?xml version="1.0" encoding="UTF-8"?>
<!-- Generated by org.testng.reporters.JUnitReportReporter -->
<testsuite skipped="0" hostname="Angelas-MacBook-Pro.local" name="mobileTests.MSortResultsByBedBathPriceSqFtMostRecent" tests="6" failures="0" timestamp="07 Jun 2019 02:00:49 GMT" time="428.898" errors="0">
  <testcase name="mSortByBed" time="77.787" classname="mobileTests.MSortResultsByBedBathPriceSqFtMostRecent"/>
  <testcase name="mSortByBath" time="78.107" classname="mobileTests.MSortResultsByBedBathPriceSqFtMostRecent"/>
  <testcase name="mSortByLowtoHighPrice" time="65.802" classname="mobileTests.MSortResultsByBedBathPriceSqFtMostRecent"/>
  <testcase name="mSortByHightoLowPrice" time="62.353" classname="mobileTests.MSortResultsByBedBathPriceSqFtMostRecent"/>
  <testcase name="mSortBySqFt" time="62.543" classname="mobileTests.MSortResultsByBedBathPriceSqFtMostRecent"/>
  <testcase name="mSortByMostRecent" time="82.306" classname="mobileTests.MSortResultsByBedBathPriceSqFtMostRecent"/>
</testsuite> <!-- mobileTests.MSortResultsByBedBathPriceSqFtMostRecent -->
