<?xml version="1.0" encoding="UTF-8"?>
<!-- Generated by org.testng.reporters.JUnitReportReporter -->
<testsuite skipped="0" hostname="Angelas-MacBook-Pro.local" name="mobileTests.MFilterByBedBath" tests="2" failures="0" timestamp="07 Jun 2019 02:53:50 GMT" time="82.513" errors="0">
  <testcase name="mFilterBed" time="42.820" classname="mobileTests.MFilterByBedBath"/>
  <testcase name="mFilterBath" time="39.693" classname="mobileTests.MFilterByBedBath"/>
</testsuite> <!-- mobileTests.MFilterByBedBath -->
