<?xml version="1.0" encoding="UTF-8"?>
<!-- Generated by org.testng.reporters.JUnitReportReporter -->
<testsuite skipped="0" hostname="Angelas-MacBook-Pro.local" name="webTests.SignUpWithBlankFields_NegativeTests" tests="1" failures="0" timestamp="06 Apr 2018 17:58:54 GMT" time="12.135" errors="0">
  <testcase name="signUpWithBlankFields" time="12.135" classname="webTests.SignUpWithBlankFields_NegativeTests"/>
</testsuite> <!-- webTests.SignUpWithBlankFields_NegativeTests -->
