<?xml version="1.0" encoding="UTF-8"?>
<!-- Generated by org.testng.reporters.JUnitReportReporter -->
<testsuite skipped="0" hostname="Angelas-MacBook-Pro.local" name="webTests.LoginWithWrongPassword_NegativeTests" tests="1" failures="0" timestamp="10 Apr 2018 16:36:00 GMT" time="128.626" errors="0">
  <testcase name="loginWrongPwd" time="128.626" classname="webTests.LoginWithWrongPassword_NegativeTests"/>
</testsuite> <!-- webTests.LoginWithWrongPassword_NegativeTests -->
