<?xml version="1.0" encoding="UTF-8"?>
<!-- Generated by org.testng.reporters.JUnitReportReporter -->
<testsuite skipped="0" hostname="Angelas-MacBook-Pro.local" name="webTests.FilterResultsByPriceBedBath" tests="1" failures="0" timestamp="05 Jun 2019 18:30:24 GMT" time="28.250" errors="0">
  <testcase name="filterResultsByPrice" time="28.250" classname="webTests.FilterResultsByPriceBedBath"/>
</testsuite> <!-- webTests.FilterResultsByPriceBedBath -->
