<?xml version="1.0" encoding="UTF-8"?>
<!-- Generated by org.testng.reporters.JUnitReportReporter -->
<testsuite skipped="0" hostname="Angelas-MacBook-Pro.local" name="mobileTests.MFilterByYear" tests="1" failures="0" timestamp="07 Jun 2019 02:53:25 GMT" time="96.753" errors="0">
  <testcase name="mFilterYear" time="96.753" classname="mobileTests.MFilterByYear"/>
</testsuite> <!-- mobileTests.MFilterByYear -->
