<?xml version="1.0" encoding="UTF-8"?>
<!-- Generated by org.testng.reporters.JUnitReportReporter -->
<testsuite skipped="0" hostname="Angelas-MacBook-Pro.local" name="mobileTests.MFilterByKeyword" tests="1" failures="0" timestamp="07 Jun 2019 02:53:35 GMT" time="61.799" errors="0">
  <testcase name="mFilterKeyword" time="61.799" classname="mobileTests.MFilterByKeyword"/>
</testsuite> <!-- mobileTests.MFilterByKeyword -->
