<?xml version="1.0" encoding="UTF-8"?>
<!-- Generated by org.testng.reporters.JUnitReportReporter -->
<testsuite skipped="0" hostname="Angelas-MacBook-Pro.local" name="webTests.FilterMoreResultsByPropertyType" tests="1" failures="0" timestamp="06 Jun 2019 17:46:46 GMT" time="63.810" errors="0">
  <testcase name="filterResultsByPropertyTypeLand" time="63.810" classname="webTests.FilterMoreResultsByPropertyType"/>
</testsuite> <!-- webTests.FilterMoreResultsByPropertyType -->
