<?xml version="1.0" encoding="UTF-8"?>
<!-- Generated by org.testng.reporters.JUnitReportReporter -->
<testsuite skipped="0" hostname="Angelas-MacBook-Pro.local" name="mobileTests.MFilterBySqFtYear" tests="1" failures="0" timestamp="27 Apr 2018 00:06:20 GMT" time="61.238" errors="0">
  <testcase name="mFilterSqFt" time="61.238" classname="mobileTests.MFilterBySqFtYear"/>
</testsuite> <!-- mobileTests.MFilterBySqFtYear -->
